{"uid":"9e8490155b128fa8","name":"test_add_prod","fullName":"PYTEST.tests.test_add_prod_nonvat#test_add_prod","historyId":"4a8770df70a9e252a586911664e0693d","time":{"start":1761890367147,"stop":1761890417752,"duration":50605},"status":"broken","statusMessage":"selenium.common.exceptions.ElementClickInterceptedException: Message: element click intercepted: Element <button _ngcontent-vgj-c208=\"\" id=\"save\" class=\"btn mr-2 px-4\">...</button> is not clickable at point (1320, 65). Other element would receive the click: <div class=\"cdk-overlay-backdrop cdk-overlay-dark-backdrop cdk-overlay-backdrop-showing\"></div>\n  (Session info: MicrosoftEdge=141.0.3537.99); For documentation on this error, please visit: https://www.selenium.dev/documentation/webdriver/troubleshooting/errors#elementclickinterceptedexception\nStacktrace:\n\tGetHandleVerifier [0x0x7ff7594b2605+51877]\n\tGetHandleVerifier [0x0x7ff7594b2664+51972]\n\tGetHandleVerifier [0x0x7ff759668bf5+1847445]\n\t(No symbol) [0x0x7ff7592771ab]\n\t(No symbol) [0x0x7ff7592750f9]\n\t(No symbol) [0x0x7ff759272ac5]\n\t(No symbol) [0x0x7ff759271c45]\n\t(No symbol) [0x0x7ff759266dfe]\n\t(No symbol) [0x0x7ff75929212a]\n\t(No symbol) [0x0x7ff75926667b]\n\t(No symbol) [0x0x7ff75926652d]\n\t(No symbol) [0x0x7ff7592923e0]\n\t(No symbol) [0x0x7ff75926667b]\n\t(No symbol) [0x0x7ff7592af3d2]\n\t(No symbol) [0x0x7ff759291df3]\n\t(No symbol) [0x0x7ff759265b36]\n\t(No symbol) [0x0x7ff759264d80]\n\t(No symbol) [0x0x7ff759265973]\n\t(No symbol) [0x0x7ff75932e4a5]\n\t(No symbol) [0x0x7ff75932a75d]\n\tGetHandleVerifier [0x0x7ff7594dce43+226019]\n\tGetHandleVerifier [0x0x7ff7594cc011+156849]\n\tGetHandleVerifier [0x0x7ff7594d4509+190889]\n\tGetHandleVerifier [0x0x7ff7594b9744+80868]\n\tGetHandleVerifier [0x0x7ff7594b9893+81203]\n\tGetHandleVerifier [0x0x7ff7594a7e16+8886]\n\tBaseThreadInitThunk [0x0x7ffc3a9be8d7+23]\n\tRtlUserThreadStart [0x0x7ffc3b74c53c+44]","statusTrace":"driver = <selenium.webdriver.edge.webdriver.WebDriver (session=\"66329c2f17f4814dbee809f6ea42b49f\")>\n\n    def test_add_prod(driver: webdriver):\n       login_page = login(driver)\n       add_prod_page = Add_prod(driver)\n       login_page.perform_login(\"Testuser\", \"Test@1234\")\n       add_prod_page.masters_click_test(driver)\n    \n       def generate_random_string(length):\n          letters = \"abcdefghijklmnopqrstuvwxyz\"\n          return \"\".join(random.choice(letters) for _ in range(length))\n       random_string = generate_random_string(10)\n    \n       def generate_random_hscode(length):\n          random_hs = random.randint(1000, 9999)\n          return str(random_hs)\n    \n>      add_prod_page.add_prod_test(driver, random_string, generate_random_hscode(4), \"Testdescription\", 50)\n\nPYTEST\\tests\\test_add_prod_nonvat.py:23: \n_ _ _ _ _ _ _ _ _ _ _ _ _ _ _ _ _ _ _ _ _ _ _ _ _ _ _ _ _ _ _ _ _ _ _ _ _ _ _ _ _ _ _ _ _ _ _ _ _ _ _ _ _ _ _ _ _ _ _ _ _ _ _ _ _ _ _ _ _ _ _ _ _ _ _ _ _ _ _ _ _ _ \nPYTEST\\pages\\Add_product_nonvatable.py:211: in add_prod_test\n    save_button.click()\n..\\..\\..\\..\\AppData\\Local\\Programs\\Python\\Python313\\Lib\\site-packages\\selenium\\webdriver\\remote\\webelement.py:120: in click\n    self._execute(Command.CLICK_ELEMENT)\n..\\..\\..\\..\\AppData\\Local\\Programs\\Python\\Python313\\Lib\\site-packages\\selenium\\webdriver\\remote\\webelement.py:573: in _execute\n    return self._parent.execute(command, params)\n           ^^^^^^^^^^^^^^^^^^^^^^^^^^^^^^^^^^^^^\n..\\..\\..\\..\\AppData\\Local\\Programs\\Python\\Python313\\Lib\\site-packages\\selenium\\webdriver\\remote\\webdriver.py:458: in execute\n    self.error_handler.check_response(response)\n_ _ _ _ _ _ _ _ _ _ _ _ _ _ _ _ _ _ _ _ _ _ _ _ _ _ _ _ _ _ _ _ _ _ _ _ _ _ _ _ _ _ _ _ _ _ _ _ _ _ _ _ _ _ _ _ _ _ _ _ _ _ _ _ _ _ _ _ _ _ _ _ _ _ _ _ _ _ _ _ _ _ \n\nself = <selenium.webdriver.remote.errorhandler.ErrorHandler object at 0x000002777333D090>\nresponse = {'status': 400, 'value': '{\"value\":{\"error\":\"element click intercepted\",\"message\":\"element click intercepted: Element ...7ff7594a7e16+8886]\\\\n\\\\tBaseThreadInitThunk [0x0x7ffc3a9be8d7+23]\\\\n\\\\tRtlUserThreadStart [0x0x7ffc3b74c53c+44]\\\\n\"}}'}\n\n    def check_response(self, response: dict[str, Any]) -> None:\n        \"\"\"Checks that a JSON response from the WebDriver does not have an\n        error.\n    \n        :Args:\n         - response - The JSON response from the WebDriver server as a dictionary\n           object.\n    \n        :Raises: If the response contains an error message.\n        \"\"\"\n        status = response.get(\"status\", None)\n        if not status or status == ErrorCode.SUCCESS:\n            return\n        value = None\n        message = response.get(\"message\", \"\")\n        screen: str = response.get(\"screen\", \"\")\n        stacktrace = None\n        if isinstance(status, int):\n            value_json = response.get(\"value\", None)\n            if value_json and isinstance(value_json, str):\n                try:\n                    value = json.loads(value_json)\n                    if isinstance(value, dict):\n                        if len(value) == 1:\n                            value = value[\"value\"]\n                        status = value.get(\"error\", None)\n                        if not status:\n                            status = value.get(\"status\", ErrorCode.UNKNOWN_ERROR)\n                            message = value.get(\"value\") or value.get(\"message\")\n                            if not isinstance(message, str):\n                                value = message\n                                message = message.get(\"message\")\n                        else:\n                            message = value.get(\"message\", None)\n                except ValueError:\n                    pass\n    \n        exception_class: type[WebDriverException]\n        e = ErrorCode()\n        error_codes = [item for item in dir(e) if not item.startswith(\"__\")]\n        for error_code in error_codes:\n            error_info = getattr(ErrorCode, error_code)\n            if isinstance(error_info, list) and status in error_info:\n                exception_class = getattr(ExceptionMapping, error_code, WebDriverException)\n                break\n        else:\n            exception_class = WebDriverException\n    \n        if not value:\n            value = response[\"value\"]\n        if isinstance(value, str):\n            raise exception_class(value)\n        if message == \"\" and \"message\" in value:\n            message = value[\"message\"]\n    \n        screen = None  # type: ignore[assignment]\n        if \"screen\" in value:\n            screen = value[\"screen\"]\n    \n        stacktrace = None\n        st_value = value.get(\"stackTrace\") or value.get(\"stacktrace\")\n        if st_value:\n            if isinstance(st_value, str):\n                stacktrace = st_value.split(\"\\n\")\n            else:\n                stacktrace = []\n                try:\n                    for frame in st_value:\n                        line = frame.get(\"lineNumber\", \"\")\n                        file = frame.get(\"fileName\", \"<anonymous>\")\n                        if line:\n                            file = f\"{file}:{line}\"\n                        meth = frame.get(\"methodName\", \"<anonymous>\")\n                        if \"className\" in frame:\n                            meth = f\"{frame['className']}.{meth}\"\n                        msg = \"    at %s (%s)\"\n                        msg = msg % (meth, file)\n                        stacktrace.append(msg)\n                except TypeError:\n                    pass\n        if exception_class == UnexpectedAlertPresentException:\n            alert_text = None\n            if \"data\" in value:\n                alert_text = value[\"data\"].get(\"text\")\n            elif \"alert\" in value:\n                alert_text = value[\"alert\"].get(\"text\")\n            raise exception_class(message, screen, stacktrace, alert_text)  # type: ignore[call-arg]  # mypy is not smart enough here\n>       raise exception_class(message, screen, stacktrace)\nE       selenium.common.exceptions.ElementClickInterceptedException: Message: element click intercepted: Element <button _ngcontent-vgj-c208=\"\" id=\"save\" class=\"btn mr-2 px-4\">...</button> is not clickable at point (1320, 65). Other element would receive the click: <div class=\"cdk-overlay-backdrop cdk-overlay-dark-backdrop cdk-overlay-backdrop-showing\"></div>\nE         (Session info: MicrosoftEdge=141.0.3537.99); For documentation on this error, please visit: https://www.selenium.dev/documentation/webdriver/troubleshooting/errors#elementclickinterceptedexception\nE       Stacktrace:\nE       \tGetHandleVerifier [0x0x7ff7594b2605+51877]\nE       \tGetHandleVerifier [0x0x7ff7594b2664+51972]\nE       \tGetHandleVerifier [0x0x7ff759668bf5+1847445]\nE       \t(No symbol) [0x0x7ff7592771ab]\nE       \t(No symbol) [0x0x7ff7592750f9]\nE       \t(No symbol) [0x0x7ff759272ac5]\nE       \t(No symbol) [0x0x7ff759271c45]\nE       \t(No symbol) [0x0x7ff759266dfe]\nE       \t(No symbol) [0x0x7ff75929212a]\nE       \t(No symbol) [0x0x7ff75926667b]\nE       \t(No symbol) [0x0x7ff75926652d]\nE       \t(No symbol) [0x0x7ff7592923e0]\nE       \t(No symbol) [0x0x7ff75926667b]\nE       \t(No symbol) [0x0x7ff7592af3d2]\nE       \t(No symbol) [0x0x7ff759291df3]\nE       \t(No symbol) [0x0x7ff759265b36]\nE       \t(No symbol) [0x0x7ff759264d80]\nE       \t(No symbol) [0x0x7ff759265973]\nE       \t(No symbol) [0x0x7ff75932e4a5]\nE       \t(No symbol) [0x0x7ff75932a75d]\nE       \tGetHandleVerifier [0x0x7ff7594dce43+226019]\nE       \tGetHandleVerifier [0x0x7ff7594cc011+156849]\nE       \tGetHandleVerifier [0x0x7ff7594d4509+190889]\nE       \tGetHandleVerifier [0x0x7ff7594b9744+80868]\nE       \tGetHandleVerifier [0x0x7ff7594b9893+81203]\nE       \tGetHandleVerifier [0x0x7ff7594a7e16+8886]\nE       \tBaseThreadInitThunk [0x0x7ffc3a9be8d7+23]\nE       \tRtlUserThreadStart [0x0x7ffc3b74c53c+44]\n\n..\\..\\..\\..\\AppData\\Local\\Programs\\Python\\Python313\\Lib\\site-packages\\selenium\\webdriver\\remote\\errorhandler.py:232: ElementClickInterceptedException","flaky":false,"newFailed":false,"newBroken":false,"newPassed":false,"retriesCount":0,"retriesStatusChange":false,"beforeStages":[{"name":"driver","time":{"start":1761890365901,"stop":1761890367146,"duration":1245},"status":"passed","steps":[],"attachments":[],"parameters":[],"stepsCount":0,"hasContent":false,"attachmentStep":false,"shouldDisplayMessage":false,"attachmentsCount":0}],"testStage":{"status":"broken","statusMessage":"selenium.common.exceptions.ElementClickInterceptedException: Message: element click intercepted: Element <button _ngcontent-vgj-c208=\"\" id=\"save\" class=\"btn mr-2 px-4\">...</button> is not clickable at point (1320, 65). Other element would receive the click: <div class=\"cdk-overlay-backdrop cdk-overlay-dark-backdrop cdk-overlay-backdrop-showing\"></div>\n  (Session info: MicrosoftEdge=141.0.3537.99); For documentation on this error, please visit: https://www.selenium.dev/documentation/webdriver/troubleshooting/errors#elementclickinterceptedexception\nStacktrace:\n\tGetHandleVerifier [0x0x7ff7594b2605+51877]\n\tGetHandleVerifier [0x0x7ff7594b2664+51972]\n\tGetHandleVerifier [0x0x7ff759668bf5+1847445]\n\t(No symbol) [0x0x7ff7592771ab]\n\t(No symbol) [0x0x7ff7592750f9]\n\t(No symbol) [0x0x7ff759272ac5]\n\t(No symbol) [0x0x7ff759271c45]\n\t(No symbol) [0x0x7ff759266dfe]\n\t(No symbol) [0x0x7ff75929212a]\n\t(No symbol) [0x0x7ff75926667b]\n\t(No symbol) [0x0x7ff75926652d]\n\t(No symbol) [0x0x7ff7592923e0]\n\t(No symbol) [0x0x7ff75926667b]\n\t(No symbol) [0x0x7ff7592af3d2]\n\t(No symbol) [0x0x7ff759291df3]\n\t(No symbol) [0x0x7ff759265b36]\n\t(No symbol) [0x0x7ff759264d80]\n\t(No symbol) [0x0x7ff759265973]\n\t(No symbol) [0x0x7ff75932e4a5]\n\t(No symbol) [0x0x7ff75932a75d]\n\tGetHandleVerifier [0x0x7ff7594dce43+226019]\n\tGetHandleVerifier [0x0x7ff7594cc011+156849]\n\tGetHandleVerifier [0x0x7ff7594d4509+190889]\n\tGetHandleVerifier [0x0x7ff7594b9744+80868]\n\tGetHandleVerifier [0x0x7ff7594b9893+81203]\n\tGetHandleVerifier [0x0x7ff7594a7e16+8886]\n\tBaseThreadInitThunk [0x0x7ffc3a9be8d7+23]\n\tRtlUserThreadStart [0x0x7ffc3b74c53c+44]","statusTrace":"driver = <selenium.webdriver.edge.webdriver.WebDriver (session=\"66329c2f17f4814dbee809f6ea42b49f\")>\n\n    def test_add_prod(driver: webdriver):\n       login_page = login(driver)\n       add_prod_page = Add_prod(driver)\n       login_page.perform_login(\"Testuser\", \"Test@1234\")\n       add_prod_page.masters_click_test(driver)\n    \n       def generate_random_string(length):\n          letters = \"abcdefghijklmnopqrstuvwxyz\"\n          return \"\".join(random.choice(letters) for _ in range(length))\n       random_string = generate_random_string(10)\n    \n       def generate_random_hscode(length):\n          random_hs = random.randint(1000, 9999)\n          return str(random_hs)\n    \n>      add_prod_page.add_prod_test(driver, random_string, generate_random_hscode(4), \"Testdescription\", 50)\n\nPYTEST\\tests\\test_add_prod_nonvat.py:23: \n_ _ _ _ _ _ _ _ _ _ _ _ _ _ _ _ _ _ _ _ _ _ _ _ _ _ _ _ _ _ _ _ _ _ _ _ _ _ _ _ _ _ _ _ _ _ _ _ _ _ _ _ _ _ _ _ _ _ _ _ _ _ _ _ _ _ _ _ _ _ _ _ _ _ _ _ _ _ _ _ _ _ \nPYTEST\\pages\\Add_product_nonvatable.py:211: in add_prod_test\n    save_button.click()\n..\\..\\..\\..\\AppData\\Local\\Programs\\Python\\Python313\\Lib\\site-packages\\selenium\\webdriver\\remote\\webelement.py:120: in click\n    self._execute(Command.CLICK_ELEMENT)\n..\\..\\..\\..\\AppData\\Local\\Programs\\Python\\Python313\\Lib\\site-packages\\selenium\\webdriver\\remote\\webelement.py:573: in _execute\n    return self._parent.execute(command, params)\n           ^^^^^^^^^^^^^^^^^^^^^^^^^^^^^^^^^^^^^\n..\\..\\..\\..\\AppData\\Local\\Programs\\Python\\Python313\\Lib\\site-packages\\selenium\\webdriver\\remote\\webdriver.py:458: in execute\n    self.error_handler.check_response(response)\n_ _ _ _ _ _ _ _ _ _ _ _ _ _ _ _ _ _ _ _ _ _ _ _ _ _ _ _ _ _ _ _ _ _ _ _ _ _ _ _ _ _ _ _ _ _ _ _ _ _ _ _ _ _ _ _ _ _ _ _ _ _ _ _ _ _ _ _ _ _ _ _ _ _ _ _ _ _ _ _ _ _ \n\nself = <selenium.webdriver.remote.errorhandler.ErrorHandler object at 0x000002777333D090>\nresponse = {'status': 400, 'value': '{\"value\":{\"error\":\"element click intercepted\",\"message\":\"element click intercepted: Element ...7ff7594a7e16+8886]\\\\n\\\\tBaseThreadInitThunk [0x0x7ffc3a9be8d7+23]\\\\n\\\\tRtlUserThreadStart [0x0x7ffc3b74c53c+44]\\\\n\"}}'}\n\n    def check_response(self, response: dict[str, Any]) -> None:\n        \"\"\"Checks that a JSON response from the WebDriver does not have an\n        error.\n    \n        :Args:\n         - response - The JSON response from the WebDriver server as a dictionary\n           object.\n    \n        :Raises: If the response contains an error message.\n        \"\"\"\n        status = response.get(\"status\", None)\n        if not status or status == ErrorCode.SUCCESS:\n            return\n        value = None\n        message = response.get(\"message\", \"\")\n        screen: str = response.get(\"screen\", \"\")\n        stacktrace = None\n        if isinstance(status, int):\n            value_json = response.get(\"value\", None)\n            if value_json and isinstance(value_json, str):\n                try:\n                    value = json.loads(value_json)\n                    if isinstance(value, dict):\n                        if len(value) == 1:\n                            value = value[\"value\"]\n                        status = value.get(\"error\", None)\n                        if not status:\n                            status = value.get(\"status\", ErrorCode.UNKNOWN_ERROR)\n                            message = value.get(\"value\") or value.get(\"message\")\n                            if not isinstance(message, str):\n                                value = message\n                                message = message.get(\"message\")\n                        else:\n                            message = value.get(\"message\", None)\n                except ValueError:\n                    pass\n    \n        exception_class: type[WebDriverException]\n        e = ErrorCode()\n        error_codes = [item for item in dir(e) if not item.startswith(\"__\")]\n        for error_code in error_codes:\n            error_info = getattr(ErrorCode, error_code)\n            if isinstance(error_info, list) and status in error_info:\n                exception_class = getattr(ExceptionMapping, error_code, WebDriverException)\n                break\n        else:\n            exception_class = WebDriverException\n    \n        if not value:\n            value = response[\"value\"]\n        if isinstance(value, str):\n            raise exception_class(value)\n        if message == \"\" and \"message\" in value:\n            message = value[\"message\"]\n    \n        screen = None  # type: ignore[assignment]\n        if \"screen\" in value:\n            screen = value[\"screen\"]\n    \n        stacktrace = None\n        st_value = value.get(\"stackTrace\") or value.get(\"stacktrace\")\n        if st_value:\n            if isinstance(st_value, str):\n                stacktrace = st_value.split(\"\\n\")\n            else:\n                stacktrace = []\n                try:\n                    for frame in st_value:\n                        line = frame.get(\"lineNumber\", \"\")\n                        file = frame.get(\"fileName\", \"<anonymous>\")\n                        if line:\n                            file = f\"{file}:{line}\"\n                        meth = frame.get(\"methodName\", \"<anonymous>\")\n                        if \"className\" in frame:\n                            meth = f\"{frame['className']}.{meth}\"\n                        msg = \"    at %s (%s)\"\n                        msg = msg % (meth, file)\n                        stacktrace.append(msg)\n                except TypeError:\n                    pass\n        if exception_class == UnexpectedAlertPresentException:\n            alert_text = None\n            if \"data\" in value:\n                alert_text = value[\"data\"].get(\"text\")\n            elif \"alert\" in value:\n                alert_text = value[\"alert\"].get(\"text\")\n            raise exception_class(message, screen, stacktrace, alert_text)  # type: ignore[call-arg]  # mypy is not smart enough here\n>       raise exception_class(message, screen, stacktrace)\nE       selenium.common.exceptions.ElementClickInterceptedException: Message: element click intercepted: Element <button _ngcontent-vgj-c208=\"\" id=\"save\" class=\"btn mr-2 px-4\">...</button> is not clickable at point (1320, 65). Other element would receive the click: <div class=\"cdk-overlay-backdrop cdk-overlay-dark-backdrop cdk-overlay-backdrop-showing\"></div>\nE         (Session info: MicrosoftEdge=141.0.3537.99); For documentation on this error, please visit: https://www.selenium.dev/documentation/webdriver/troubleshooting/errors#elementclickinterceptedexception\nE       Stacktrace:\nE       \tGetHandleVerifier [0x0x7ff7594b2605+51877]\nE       \tGetHandleVerifier [0x0x7ff7594b2664+51972]\nE       \tGetHandleVerifier [0x0x7ff759668bf5+1847445]\nE       \t(No symbol) [0x0x7ff7592771ab]\nE       \t(No symbol) [0x0x7ff7592750f9]\nE       \t(No symbol) [0x0x7ff759272ac5]\nE       \t(No symbol) [0x0x7ff759271c45]\nE       \t(No symbol) [0x0x7ff759266dfe]\nE       \t(No symbol) [0x0x7ff75929212a]\nE       \t(No symbol) [0x0x7ff75926667b]\nE       \t(No symbol) [0x0x7ff75926652d]\nE       \t(No symbol) [0x0x7ff7592923e0]\nE       \t(No symbol) [0x0x7ff75926667b]\nE       \t(No symbol) [0x0x7ff7592af3d2]\nE       \t(No symbol) [0x0x7ff759291df3]\nE       \t(No symbol) [0x0x7ff759265b36]\nE       \t(No symbol) [0x0x7ff759264d80]\nE       \t(No symbol) [0x0x7ff759265973]\nE       \t(No symbol) [0x0x7ff75932e4a5]\nE       \t(No symbol) [0x0x7ff75932a75d]\nE       \tGetHandleVerifier [0x0x7ff7594dce43+226019]\nE       \tGetHandleVerifier [0x0x7ff7594cc011+156849]\nE       \tGetHandleVerifier [0x0x7ff7594d4509+190889]\nE       \tGetHandleVerifier [0x0x7ff7594b9744+80868]\nE       \tGetHandleVerifier [0x0x7ff7594b9893+81203]\nE       \tGetHandleVerifier [0x0x7ff7594a7e16+8886]\nE       \tBaseThreadInitThunk [0x0x7ffc3a9be8d7+23]\nE       \tRtlUserThreadStart [0x0x7ffc3b74c53c+44]\n\n..\\..\\..\\..\\AppData\\Local\\Programs\\Python\\Python313\\Lib\\site-packages\\selenium\\webdriver\\remote\\errorhandler.py:232: ElementClickInterceptedException","steps":[],"attachments":[{"uid":"819c2d825f13037f","name":"Screenshot_test_add_prod","source":"819c2d825f13037f.png","type":"image/png","size":159900}],"parameters":[],"stepsCount":0,"hasContent":true,"attachmentStep":false,"shouldDisplayMessage":true,"attachmentsCount":1},"afterStages":[{"name":"driver::0","time":{"start":1761890417996,"stop":1761890420207,"duration":2211},"status":"passed","steps":[],"attachments":[],"parameters":[],"stepsCount":0,"hasContent":false,"attachmentStep":false,"shouldDisplayMessage":false,"attachmentsCount":0}],"labels":[{"name":"parentSuite","value":"PYTEST.tests"},{"name":"suite","value":"test_add_prod_nonvat"},{"name":"host","value":"UnKnown"},{"name":"thread","value":"744-MainThread"},{"name":"framework","value":"pytest"},{"name":"language","value":"cpython3"},{"name":"package","value":"PYTEST.tests.test_add_prod_nonvat"},{"name":"resultFormat","value":"allure2"}],"parameters":[],"links":[],"hidden":true,"retry":true,"extra":{"categories":[],"tags":[]},"source":"9e8490155b128fa8.json","parameterValues":[]}